Content-Type: text/plain; charset="utf-8"
MIME-Version: 1.0
Content-Transfer-Encoding: 8bit
Subject: =?utf-8?q?Redefini=C3=A7=C3=A3o_de_senha_em_localhost=3A8000_?=
From: webmaster@localhost
To: nicoleeguido@gmail.com
Date: Tue, 04 Feb 2020 15:59:58 -0000
Message-ID: 
 <158083199824.17280.12597856130961823447@NICOLE-PC.unimedava.com.br>

<!DOCTYPE html>
<html lang="pt-br">
  <head>
    <meta charset="UTF-8">
    <title>Email Sent</title>
    
    
    
    <link rel="stylesheet" href="https://cdnjs.cloudflare.com/ajax/libs/bootstrap-select/1.13.1/css/bootstrap-select.min.css">
    <link rel="stylesheet" href="https://cdnjs.cloudflare.com/ajax/libs/twitter-bootstrap/4.1.2/css/bootstrap.min.css" />
     <link href="https://cdn.jsdelivr.net/npm/select2@4.0.13/dist/css/select2.min.css" rel="stylesheet" />
  <script src="https://cdn.jsdelivr.net/npm/select2@4.0.13/dist/js/select2.min.js"></script>
  </head>
  <body>
    <!-- COLOCAR AQUI OS IFS PARA QUANDO HOUVER UM MENU COM AUTENTICAÇÃO-->
    <p>base.html</p>
    
  Hi nicole.guido!
  <p><a href="/contas/logout/">logout</a></p>

    
  <h1>Check your inbox.</h1>
  <p>We've emailed you instructions for setting your password. You should receive the email shortly!</p>

  </body>
  <footer>  
  <script src="https://ajax.googleapis.com/ajax/libs/jquery/2.1.3/jquery.min.js" type="text/javascript"></script>
  
    
  
  <script src="https://cdnjs.cloudflare.com/ajax/libs/popper.js/1.14.3/umd/popper.min.js"></script>
  <script src="https://stackpath.bootstrapcdn.com/bootstrap/4.1.3/js/bootstrap.min.js"></script>
  <script src="/static/js/bootstrap-select.js"></script>
  <script src="https://cdnjs.cloudflare.com/ajax/libs/jquery.mask/1.14.16/jquery.mask.js"></script>
  <script>
  $(document).ready(function(){
  $('.data').mask('00/00/0000');
  });
  </script>
  
</footer>
</html>
-------------------------------------------------------------------------------
